[21-Oct-2018 04:47:17 UTC] PHP Warning:  include(functions.php): failed to open stream: No such file or directory in /home/ubuntu/workspace/cst336/labs/lab5/scart/index.php on line 3
[21-Oct-2018 04:47:17 UTC] PHP Stack trace:
[21-Oct-2018 04:47:17 UTC] PHP   1. {main}() /home/ubuntu/workspace/cst336/labs/lab5/scart/index.php:0
[21-Oct-2018 04:47:17 UTC] PHP Warning:  include(): Failed opening 'functions.php' for inclusion (include_path='.:/usr/share/php:/usr/share/pear') in /home/ubuntu/workspace/cst336/labs/lab5/scart/index.php on line 3
[21-Oct-2018 04:47:17 UTC] PHP Stack trace:
[21-Oct-2018 04:47:17 UTC] PHP   1. {main}() /home/ubuntu/workspace/cst336/labs/lab5/scart/index.php:0
[21-Oct-2018 04:47:17 UTC] PHP Fatal error:  Call to undefined function displayCartCount() in /home/ubuntu/workspace/cst336/labs/lab5/scart/index.php on line 77
[21-Oct-2018 04:47:17 UTC] PHP Stack trace:
[21-Oct-2018 04:47:17 UTC] PHP   1. {main}() /home/ubuntu/workspace/cst336/labs/lab5/scart/index.php:0
[04-Nov-2018 22:29:32 UTC] PHP Warning:  include(dbConnection.php): failed to open stream: No such file or directory in /home/ubuntu/workspace/cst336/labs/proj/scart/index.php on line 4
[04-Nov-2018 22:29:32 UTC] PHP Stack trace:
[04-Nov-2018 22:29:32 UTC] PHP   1. {main}() /home/ubuntu/workspace/cst336/labs/proj/scart/index.php:0
[04-Nov-2018 22:29:32 UTC] PHP Warning:  include(): Failed opening 'dbConnection.php' for inclusion (include_path='.:/usr/share/php:/usr/share/pear') in /home/ubuntu/workspace/cst336/labs/proj/scart/index.php on line 4
[04-Nov-2018 22:29:32 UTC] PHP Stack trace:
[04-Nov-2018 22:29:32 UTC] PHP   1. {main}() /home/ubuntu/workspace/cst336/labs/proj/scart/index.php:0
[04-Nov-2018 22:29:32 UTC] PHP Fatal error:  Call to undefined function getDatabaseConnection() in /home/ubuntu/workspace/cst336/labs/proj/scart/index.php on line 5
[04-Nov-2018 22:29:32 UTC] PHP Stack trace:
[04-Nov-2018 22:29:32 UTC] PHP   1. {main}() /home/ubuntu/workspace/cst336/labs/proj/scart/index.php:0
[04-Nov-2018 22:30:26 UTC] PHP Warning:  include(dbConnection.php): failed to open stream: No such file or directory in /home/ubuntu/workspace/cst336/labs/proj/scart/index.php on line 4
[04-Nov-2018 22:30:26 UTC] PHP Stack trace:
[04-Nov-2018 22:30:26 UTC] PHP   1. {main}() /home/ubuntu/workspace/cst336/labs/proj/scart/index.php:0
[04-Nov-2018 22:30:26 UTC] PHP Warning:  include(): Failed opening 'dbConnection.php' for inclusion (include_path='.:/usr/share/php:/usr/share/pear') in /home/ubuntu/workspace/cst336/labs/proj/scart/index.php on line 4
[04-Nov-2018 22:30:26 UTC] PHP Stack trace:
[04-Nov-2018 22:30:26 UTC] PHP   1. {main}() /home/ubuntu/workspace/cst336/labs/proj/scart/index.php:0
[04-Nov-2018 22:30:26 UTC] PHP Fatal error:  Call to undefined function getDatabaseConnection() in /home/ubuntu/workspace/cst336/labs/proj/scart/index.php on line 5
[04-Nov-2018 22:30:26 UTC] PHP Stack trace:
[04-Nov-2018 22:30:26 UTC] PHP   1. {main}() /home/ubuntu/workspace/cst336/labs/proj/scart/index.php:0
[04-Nov-2018 22:32:42 UTC] PHP Warning:  include(dbConnection.php): failed to open stream: No such file or directory in /home/ubuntu/workspace/cst336/labs/proj/scart/index.php on line 4
[04-Nov-2018 22:32:42 UTC] PHP Stack trace:
[04-Nov-2018 22:32:42 UTC] PHP   1. {main}() /home/ubuntu/workspace/cst336/labs/proj/scart/index.php:0
[04-Nov-2018 22:32:42 UTC] PHP Warning:  include(): Failed opening 'dbConnection.php' for inclusion (include_path='.:/usr/share/php:/usr/share/pear') in /home/ubuntu/workspace/cst336/labs/proj/scart/index.php on line 4
[04-Nov-2018 22:32:42 UTC] PHP Stack trace:
[04-Nov-2018 22:32:42 UTC] PHP   1. {main}() /home/ubuntu/workspace/cst336/labs/proj/scart/index.php:0
[04-Nov-2018 22:32:42 UTC] PHP Fatal error:  Call to undefined function getDatabaseConnection() in /home/ubuntu/workspace/cst336/labs/proj/scart/index.php on line 5
[04-Nov-2018 22:32:42 UTC] PHP Stack trace:
[04-Nov-2018 22:32:42 UTC] PHP   1. {main}() /home/ubuntu/workspace/cst336/labs/proj/scart/index.php:0
[04-Nov-2018 22:33:10 UTC] PHP Fatal error:  Call to undefined function displayCartCount() in /home/ubuntu/workspace/cst336/labs/proj/scart/index.php on line 63
[04-Nov-2018 22:33:10 UTC] PHP Stack trace:
[04-Nov-2018 22:33:10 UTC] PHP   1. {main}() /home/ubuntu/workspace/cst336/labs/proj/scart/index.php:0
