[24-Sep-2018 21:59:45 UTC] PHP Fatal error:  Call to undefined function sessions_start() in /home/ubuntu/workspace/cst336/labs/lab3/review/untitled.php on line 3
[24-Sep-2018 21:59:45 UTC] PHP Stack trace:
[24-Sep-2018 21:59:45 UTC] PHP   1. {main}() /home/ubuntu/workspace/cst336/labs/lab3/review/untitled.php:0
[24-Sep-2018 22:00:16 UTC] PHP Fatal error:  Call to undefined function sessions_start() in /home/ubuntu/workspace/cst336/labs/lab3/review/untitled.php on line 3
[24-Sep-2018 22:00:16 UTC] PHP Stack trace:
[24-Sep-2018 22:00:16 UTC] PHP   1. {main}() /home/ubuntu/workspace/cst336/labs/lab3/review/untitled.php:0
[24-Sep-2018 22:01:33 UTC] PHP Warning:  print_r() expects at least 1 parameter, 0 given in /home/ubuntu/workspace/cst336/labs/lab3/review/untitled.php on line 33
[24-Sep-2018 22:01:33 UTC] PHP Stack trace:
[24-Sep-2018 22:01:33 UTC] PHP   1. {main}() /home/ubuntu/workspace/cst336/labs/lab3/review/untitled.php:0
[24-Sep-2018 22:01:33 UTC] PHP   2. print_r() /home/ubuntu/workspace/cst336/labs/lab3/review/untitled.php:33
[24-Sep-2018 22:01:36 UTC] PHP Warning:  print_r() expects at least 1 parameter, 0 given in /home/ubuntu/workspace/cst336/labs/lab3/review/untitled.php on line 33
[24-Sep-2018 22:01:36 UTC] PHP Stack trace:
[24-Sep-2018 22:01:36 UTC] PHP   1. {main}() /home/ubuntu/workspace/cst336/labs/lab3/review/untitled.php:0
[24-Sep-2018 22:01:36 UTC] PHP   2. print_r() /home/ubuntu/workspace/cst336/labs/lab3/review/untitled.php:33
[24-Sep-2018 22:01:37 UTC] PHP Warning:  print_r() expects at least 1 parameter, 0 given in /home/ubuntu/workspace/cst336/labs/lab3/review/untitled.php on line 33
[24-Sep-2018 22:01:37 UTC] PHP Stack trace:
[24-Sep-2018 22:01:37 UTC] PHP   1. {main}() /home/ubuntu/workspace/cst336/labs/lab3/review/untitled.php:0
[24-Sep-2018 22:01:37 UTC] PHP   2. print_r() /home/ubuntu/workspace/cst336/labs/lab3/review/untitled.php:33
[24-Sep-2018 22:01:37 UTC] PHP Warning:  print_r() expects at least 1 parameter, 0 given in /home/ubuntu/workspace/cst336/labs/lab3/review/untitled.php on line 33
[24-Sep-2018 22:01:37 UTC] PHP Stack trace:
[24-Sep-2018 22:01:37 UTC] PHP   1. {main}() /home/ubuntu/workspace/cst336/labs/lab3/review/untitled.php:0
[24-Sep-2018 22:01:37 UTC] PHP   2. print_r() /home/ubuntu/workspace/cst336/labs/lab3/review/untitled.php:33
[24-Sep-2018 22:01:38 UTC] PHP Warning:  print_r() expects at least 1 parameter, 0 given in /home/ubuntu/workspace/cst336/labs/lab3/review/untitled.php on line 33
[24-Sep-2018 22:01:38 UTC] PHP Stack trace:
[24-Sep-2018 22:01:38 UTC] PHP   1. {main}() /home/ubuntu/workspace/cst336/labs/lab3/review/untitled.php:0
[24-Sep-2018 22:01:38 UTC] PHP   2. print_r() /home/ubuntu/workspace/cst336/labs/lab3/review/untitled.php:33
