[17-Sep-2018 21:22:32 UTC] PHP Fatal error:  Call to undefined function displayArrray() in /home/ubuntu/workspace/cst336/labs/lab3/arrays.php on line 19
[17-Sep-2018 21:22:32 UTC] PHP Stack trace:
[17-Sep-2018 21:22:32 UTC] PHP   1. {main}() /home/ubuntu/workspace/cst336/labs/lab3/arrays.php:0
[17-Sep-2018 21:24:45 UTC] PHP Fatal error:  Call to undefined function displayArrray() in /home/ubuntu/workspace/cst336/labs/lab3/arrays.php on line 19
[17-Sep-2018 21:24:45 UTC] PHP Stack trace:
[17-Sep-2018 21:24:45 UTC] PHP   1. {main}() /home/ubuntu/workspace/cst336/labs/lab3/arrays.php:0
[17-Sep-2018 21:24:48 UTC] PHP Fatal error:  Call to undefined function displayArrray() in /home/ubuntu/workspace/cst336/labs/lab3/arrays.php on line 19
[17-Sep-2018 21:24:48 UTC] PHP Stack trace:
[17-Sep-2018 21:24:48 UTC] PHP   1. {main}() /home/ubuntu/workspace/cst336/labs/lab3/arrays.php:0
[17-Sep-2018 21:31:02 UTC] PHP Fatal error:  Call to undefined function size() in /home/ubuntu/workspace/cst336/labs/lab3/arrays.php on line 7
[17-Sep-2018 21:31:02 UTC] PHP Stack trace:
[17-Sep-2018 21:31:02 UTC] PHP   1. {main}() /home/ubuntu/workspace/cst336/labs/lab3/arrays.php:0
[17-Sep-2018 21:31:02 UTC] PHP   2. displayArray() /home/ubuntu/workspace/cst336/labs/lab3/arrays.php:23
[20-Sep-2018 23:09:58 UTC] PHP Warning:  include(inc/functions.php): failed to open stream: No such file or directory in /home/ubuntu/workspace/cst336/labs/lab2/index.php on line 11
[20-Sep-2018 23:09:58 UTC] PHP Stack trace:
[20-Sep-2018 23:09:58 UTC] PHP   1. {main}() /home/ubuntu/workspace/cst336/labs/lab2/index.php:0
[20-Sep-2018 23:09:58 UTC] PHP Warning:  include(): Failed opening 'inc/functions.php' for inclusion (include_path='.:/usr/share/php:/usr/share/pear') in /home/ubuntu/workspace/cst336/labs/lab2/index.php on line 11
[20-Sep-2018 23:09:58 UTC] PHP Stack trace:
[20-Sep-2018 23:09:58 UTC] PHP   1. {main}() /home/ubuntu/workspace/cst336/labs/lab2/index.php:0
[20-Sep-2018 23:09:58 UTC] PHP Fatal error:  Call to undefined function displaySymbol() in /home/ubuntu/workspace/cst336/labs/lab2/index.php on line 17
[20-Sep-2018 23:09:58 UTC] PHP Stack trace:
[20-Sep-2018 23:09:58 UTC] PHP   1. {main}() /home/ubuntu/workspace/cst336/labs/lab2/index.php:0
[20-Sep-2018 23:11:56 UTC] PHP Warning:  include(inc/functions.php): failed to open stream: No such file or directory in /home/ubuntu/workspace/cst336/labs/lab2/index.php on line 11
[20-Sep-2018 23:11:56 UTC] PHP Stack trace:
[20-Sep-2018 23:11:56 UTC] PHP   1. {main}() /home/ubuntu/workspace/cst336/labs/lab2/index.php:0
[20-Sep-2018 23:11:56 UTC] PHP Warning:  include(): Failed opening 'inc/functions.php' for inclusion (include_path='.:/usr/share/php:/usr/share/pear') in /home/ubuntu/workspace/cst336/labs/lab2/index.php on line 11
[20-Sep-2018 23:11:56 UTC] PHP Stack trace:
[20-Sep-2018 23:11:56 UTC] PHP   1. {main}() /home/ubuntu/workspace/cst336/labs/lab2/index.php:0
[20-Sep-2018 23:11:56 UTC] PHP Fatal error:  Call to undefined function displaySymbol() in /home/ubuntu/workspace/cst336/labs/lab2/index.php on line 17
[20-Sep-2018 23:11:56 UTC] PHP Stack trace:
[20-Sep-2018 23:11:56 UTC] PHP   1. {main}() /home/ubuntu/workspace/cst336/labs/lab2/index.php:0
[20-Sep-2018 23:20:08 UTC] PHP Parse error:  syntax error, unexpected '}' in /home/ubuntu/workspace/cst336/labs/lab2/inc/functions.php on line 93
[20-Sep-2018 23:20:08 UTC] PHP Stack trace:
[20-Sep-2018 23:20:08 UTC] PHP   1. {main}() /home/ubuntu/workspace/cst336/labs/lab2/index.php:0
[20-Sep-2018 23:21:01 UTC] PHP Parse error:  syntax error, unexpected '}' in /home/ubuntu/workspace/cst336/labs/lab2/inc/functions.php on line 93
[20-Sep-2018 23:21:01 UTC] PHP Stack trace:
[20-Sep-2018 23:21:01 UTC] PHP   1. {main}() /home/ubuntu/workspace/cst336/labs/lab2/index.php:0
[20-Sep-2018 23:48:43 UTC] PHP Parse error:  syntax error, unexpected '<' in /home/ubuntu/workspace/cst336/labs/lab2/inc/functions.php on line 76
[20-Sep-2018 23:48:43 UTC] PHP Stack trace:
[20-Sep-2018 23:48:43 UTC] PHP   1. {main}() /home/ubuntu/workspace/cst336/labs/lab2/index.php:0
[21-Oct-2018 02:58:06 UTC] PHP Warning:  include(wmapi.php): failed to open stream: No such file or directory in /home/ubuntu/workspace/cst336/labs/lab5/index.php on line 15
[21-Oct-2018 02:58:06 UTC] PHP Stack trace:
[21-Oct-2018 02:58:06 UTC] PHP   1. {main}() /home/ubuntu/workspace/cst336/labs/lab5/index.php:0
[21-Oct-2018 02:58:06 UTC] PHP Warning:  include(): Failed opening 'wmapi.php' for inclusion (include_path='.:/usr/share/php:/usr/share/pear') in /home/ubuntu/workspace/cst336/labs/lab5/index.php on line 15
[21-Oct-2018 02:58:06 UTC] PHP Stack trace:
[21-Oct-2018 02:58:06 UTC] PHP   1. {main}() /home/ubuntu/workspace/cst336/labs/lab5/index.php:0
[21-Oct-2018 02:58:06 UTC] PHP Fatal error:  Call to undefined function getProducts() in /home/ubuntu/workspace/cst336/labs/lab5/index.php on line 16
[21-Oct-2018 02:58:06 UTC] PHP Stack trace:
[21-Oct-2018 02:58:06 UTC] PHP   1. {main}() /home/ubuntu/workspace/cst336/labs/lab5/index.php:0
[21-Oct-2018 02:58:12 UTC] PHP Warning:  include(wmapi.php): failed to open stream: No such file or directory in /home/ubuntu/workspace/cst336/labs/lab5/index.php on line 15
[21-Oct-2018 02:58:12 UTC] PHP Stack trace:
[21-Oct-2018 02:58:12 UTC] PHP   1. {main}() /home/ubuntu/workspace/cst336/labs/lab5/index.php:0
[21-Oct-2018 02:58:12 UTC] PHP Warning:  include(): Failed opening 'wmapi.php' for inclusion (include_path='.:/usr/share/php:/usr/share/pear') in /home/ubuntu/workspace/cst336/labs/lab5/index.php on line 15
[21-Oct-2018 02:58:12 UTC] PHP Stack trace:
[21-Oct-2018 02:58:12 UTC] PHP   1. {main}() /home/ubuntu/workspace/cst336/labs/lab5/index.php:0
[21-Oct-2018 02:58:12 UTC] PHP Fatal error:  Call to undefined function getProducts() in /home/ubuntu/workspace/cst336/labs/lab5/index.php on line 16
[21-Oct-2018 02:58:12 UTC] PHP Stack trace:
[21-Oct-2018 02:58:12 UTC] PHP   1. {main}() /home/ubuntu/workspace/cst336/labs/lab5/index.php:0
[21-Oct-2018 04:42:57 UTC] PHP Warning:  Invalid argument supplied for foreach() in /home/ubuntu/workspace/cst336/labs/lab5/scart.php on line 11
[21-Oct-2018 04:42:57 UTC] PHP Stack trace:
[21-Oct-2018 04:42:57 UTC] PHP   1. {main}() /home/ubuntu/workspace/cst336/labs/lab5/scart.php:0
[21-Oct-2018 04:44:04 UTC] PHP Warning:  Invalid argument supplied for foreach() in /home/ubuntu/workspace/cst336/labs/lab5/scart.php on line 25
[21-Oct-2018 04:44:04 UTC] PHP Stack trace:
[21-Oct-2018 04:44:04 UTC] PHP   1. {main}() /home/ubuntu/workspace/cst336/labs/lab5/scart.php:0
[28-Oct-2018 02:10:32 UTC] PHP Warning:  include(../../inc/dbConnection.php): failed to open stream: No such file or directory in /home/ubuntu/workspace/cst336/labs/lab6/index.php on line 3
[28-Oct-2018 02:10:32 UTC] PHP Stack trace:
[28-Oct-2018 02:10:32 UTC] PHP   1. {main}() /home/ubuntu/workspace/cst336/labs/lab6/index.php:0
[28-Oct-2018 02:10:32 UTC] PHP Warning:  include(): Failed opening '../../inc/dbConnection.php' for inclusion (include_path='.:/usr/share/php:/usr/share/pear') in /home/ubuntu/workspace/cst336/labs/lab6/index.php on line 3
[28-Oct-2018 02:10:32 UTC] PHP Stack trace:
[28-Oct-2018 02:10:32 UTC] PHP   1. {main}() /home/ubuntu/workspace/cst336/labs/lab6/index.php:0
[28-Oct-2018 02:10:32 UTC] PHP Fatal error:  Call to undefined function startConnection() in /home/ubuntu/workspace/cst336/labs/lab6/index.php on line 4
[28-Oct-2018 02:10:32 UTC] PHP Stack trace:
[28-Oct-2018 02:10:32 UTC] PHP   1. {main}() /home/ubuntu/workspace/cst336/labs/lab6/index.php:0
[28-Oct-2018 02:10:34 UTC] PHP Warning:  include(../../inc/dbConnection.php): failed to open stream: No such file or directory in /home/ubuntu/workspace/cst336/labs/lab6/index.php on line 3
[28-Oct-2018 02:10:34 UTC] PHP Stack trace:
[28-Oct-2018 02:10:34 UTC] PHP   1. {main}() /home/ubuntu/workspace/cst336/labs/lab6/index.php:0
[28-Oct-2018 02:10:34 UTC] PHP Warning:  include(): Failed opening '../../inc/dbConnection.php' for inclusion (include_path='.:/usr/share/php:/usr/share/pear') in /home/ubuntu/workspace/cst336/labs/lab6/index.php on line 3
[28-Oct-2018 02:10:34 UTC] PHP Stack trace:
[28-Oct-2018 02:10:34 UTC] PHP   1. {main}() /home/ubuntu/workspace/cst336/labs/lab6/index.php:0
[28-Oct-2018 02:10:34 UTC] PHP Fatal error:  Call to undefined function startConnection() in /home/ubuntu/workspace/cst336/labs/lab6/index.php on line 4
[28-Oct-2018 02:10:34 UTC] PHP Stack trace:
[28-Oct-2018 02:10:34 UTC] PHP   1. {main}() /home/ubuntu/workspace/cst336/labs/lab6/index.php:0
[28-Oct-2018 02:26:46 UTC] PHP Warning:  include(../../inc/dbConnection.php): failed to open stream: No such file or directory in /home/ubuntu/workspace/cst336/labs/lab6/index.php on line 3
[28-Oct-2018 02:26:46 UTC] PHP Stack trace:
[28-Oct-2018 02:26:46 UTC] PHP   1. {main}() /home/ubuntu/workspace/cst336/labs/lab6/index.php:0
[28-Oct-2018 02:26:46 UTC] PHP Warning:  include(): Failed opening '../../inc/dbConnection.php' for inclusion (include_path='.:/usr/share/php:/usr/share/pear') in /home/ubuntu/workspace/cst336/labs/lab6/index.php on line 3
[28-Oct-2018 02:26:46 UTC] PHP Stack trace:
[28-Oct-2018 02:26:46 UTC] PHP   1. {main}() /home/ubuntu/workspace/cst336/labs/lab6/index.php:0
[28-Oct-2018 02:26:46 UTC] PHP Fatal error:  Call to undefined function startConnection() in /home/ubuntu/workspace/cst336/labs/lab6/index.php on line 4
[28-Oct-2018 02:26:46 UTC] PHP Stack trace:
[28-Oct-2018 02:26:46 UTC] PHP   1. {main}() /home/ubuntu/workspace/cst336/labs/lab6/index.php:0
[28-Oct-2018 02:27:50 UTC] PHP Fatal error:  Call to undefined function startConnection() in /home/ubuntu/workspace/cst336/labs/lab6/index.php on line 4
[28-Oct-2018 02:27:50 UTC] PHP Stack trace:
[28-Oct-2018 02:27:50 UTC] PHP   1. {main}() /home/ubuntu/workspace/cst336/labs/lab6/index.php:0
[28-Oct-2018 03:47:20 UTC] PHP Fatal error:  Call to undefined function startConnection() in /home/ubuntu/workspace/cst336/labs/lab6/index.php on line 4
[28-Oct-2018 03:47:20 UTC] PHP Stack trace:
[28-Oct-2018 03:47:20 UTC] PHP   1. {main}() /home/ubuntu/workspace/cst336/labs/lab6/index.php:0
[28-Oct-2018 03:50:02 UTC] PHP Fatal error:  Call to a member function prepare() on a non-object in /home/ubuntu/workspace/cst336/labs/lab6/index.php on line 10
[28-Oct-2018 03:50:02 UTC] PHP Stack trace:
[28-Oct-2018 03:50:02 UTC] PHP   1. {main}() /home/ubuntu/workspace/cst336/labs/lab6/index.php:0
[28-Oct-2018 03:50:02 UTC] PHP   2. displayCategories() /home/ubuntu/workspace/cst336/labs/lab6/index.php:99
[28-Oct-2018 03:50:16 UTC] PHP Fatal error:  Call to a member function prepare() on a non-object in /home/ubuntu/workspace/cst336/labs/lab6/index.php on line 10
[28-Oct-2018 03:50:16 UTC] PHP Stack trace:
[28-Oct-2018 03:50:16 UTC] PHP   1. {main}() /home/ubuntu/workspace/cst336/labs/lab6/index.php:0
[28-Oct-2018 03:50:16 UTC] PHP   2. displayCategories() /home/ubuntu/workspace/cst336/labs/lab6/index.php:99
[28-Oct-2018 05:50:33 UTC] PHP Warning:  include(dbConnection.php): failed to open stream: No such file or directory in /home/ubuntu/workspace/cst336/labs/lab6/index.php on line 2
[28-Oct-2018 05:50:33 UTC] PHP Stack trace:
[28-Oct-2018 05:50:33 UTC] PHP   1. {main}() /home/ubuntu/workspace/cst336/labs/lab6/index.php:0
[28-Oct-2018 05:50:33 UTC] PHP Warning:  include(): Failed opening 'dbConnection.php' for inclusion (include_path='.:/usr/share/php:/usr/share/pear') in /home/ubuntu/workspace/cst336/labs/lab6/index.php on line 2
[28-Oct-2018 05:50:33 UTC] PHP Stack trace:
[28-Oct-2018 05:50:33 UTC] PHP   1. {main}() /home/ubuntu/workspace/cst336/labs/lab6/index.php:0
[28-Oct-2018 05:50:33 UTC] PHP Fatal error:  Call to undefined function getDatabaseConnection() in /home/ubuntu/workspace/cst336/labs/lab6/index.php on line 3
[28-Oct-2018 05:50:33 UTC] PHP Stack trace:
[28-Oct-2018 05:50:33 UTC] PHP   1. {main}() /home/ubuntu/workspace/cst336/labs/lab6/index.php:0
[31-Oct-2018 21:48:18 UTC] PHP Fatal error:  Uncaught exception 'PDOException' with message 'SQLSTATE[42000]: Syntax error or access violation: 1064 You have an error in your SQL syntax; check the manual that corresponds to your MySQL server version for the right syntax to use near 'ASC' at line 1' in /home/ubuntu/workspace/cst336/labs/proref/index.php:62
Stack trace:
#0 /home/ubuntu/workspace/cst336/labs/proref/index.php(62): PDOStatement->execute(Array)
#1 /home/ubuntu/workspace/cst336/labs/proref/index.php(115): filterProducts()
#2 {main}
  thrown in /home/ubuntu/workspace/cst336/labs/proref/index.php on line 62
[31-Oct-2018 21:49:57 UTC] PHP Fatal error:  Uncaught exception 'PDOException' with message 'SQLSTATE[42000]: Syntax error or access violation: 1064 You have an error in your SQL syntax; check the manual that corresponds to your MySQL server version for the right syntax to use near 'ASC' at line 1' in /home/ubuntu/workspace/cst336/labs/proref/index.php:62
Stack trace:
#0 /home/ubuntu/workspace/cst336/labs/proref/index.php(62): PDOStatement->execute(Array)
#1 /home/ubuntu/workspace/cst336/labs/proref/index.php(115): filterProducts()
#2 {main}
  thrown in /home/ubuntu/workspace/cst336/labs/proref/index.php on line 62
[31-Oct-2018 22:00:02 UTC] PHP Fatal error:  Uncaught exception 'PDOException' with message 'SQLSTATE[42000]: Syntax error or access violation: 1064 You have an error in your SQL syntax; check the manual that corresponds to your MySQL server version for the right syntax to use near 'DESC, productName' at line 1' in /home/ubuntu/workspace/cst336/labs/proref/index.php:64
Stack trace:
#0 /home/ubuntu/workspace/cst336/labs/proref/index.php(64): PDOStatement->execute(Array)
#1 /home/ubuntu/workspace/cst336/labs/proref/index.php(117): filterProducts()
#2 {main}
  thrown in /home/ubuntu/workspace/cst336/labs/proref/index.php on line 64
[31-Oct-2018 22:00:05 UTC] PHP Fatal error:  Uncaught exception 'PDOException' with message 'SQLSTATE[42000]: Syntax error or access violation: 1064 You have an error in your SQL syntax; check the manual that corresponds to your MySQL server version for the right syntax to use near 'DESC, productName' at line 1' in /home/ubuntu/workspace/cst336/labs/proref/index.php:64
Stack trace:
#0 /home/ubuntu/workspace/cst336/labs/proref/index.php(64): PDOStatement->execute(Array)
#1 /home/ubuntu/workspace/cst336/labs/proref/index.php(117): filterProducts()
#2 {main}
  thrown in /home/ubuntu/workspace/cst336/labs/proref/index.php on line 64
[31-Oct-2018 23:15:47 UTC] PHP Fatal error:  Uncaught exception 'PDOException' with message 'SQLSTATE[42000]: Syntax error or access violation: 1064 You have an error in your SQL syntax; check the manual that corresponds to your MySQL server version for the right syntax to use near 'DESC, productName' at line 1' in /home/ubuntu/workspace/cst336/labs/proref/index.php:64
Stack trace:
#0 /home/ubuntu/workspace/cst336/labs/proref/index.php(64): PDOStatement->execute(Array)
#1 /home/ubuntu/workspace/cst336/labs/proref/index.php(117): filterProducts()
#2 {main}
  thrown in /home/ubuntu/workspace/cst336/labs/proref/index.php on line 64
[31-Oct-2018 23:19:25 UTC] PHP Fatal error:  Uncaught exception 'PDOException' with message 'SQLSTATE[42000]: Syntax error or access violation: 1064 You have an error in your SQL syntax; check the manual that corresponds to your MySQL server version for the right syntax to use near 'desc' at line 1' in /home/ubuntu/workspace/cst336/labs/proref/index.php:64
Stack trace:
#0 /home/ubuntu/workspace/cst336/labs/proref/index.php(64): PDOStatement->execute(Array)
#1 /home/ubuntu/workspace/cst336/labs/proref/index.php(117): filterProducts()
#2 {main}
  thrown in /home/ubuntu/workspace/cst336/labs/proref/index.php on line 64
[31-Oct-2018 23:21:13 UTC] PHP Fatal error:  Uncaught exception 'PDOException' with message 'SQLSTATE[42000]: Syntax error or access violation: 1064 You have an error in your SQL syntax; check the manual that corresponds to your MySQL server version for the right syntax to use near 'DESC' at line 1' in /home/ubuntu/workspace/cst336/labs/proref/index.php:64
Stack trace:
#0 /home/ubuntu/workspace/cst336/labs/proref/index.php(64): PDOStatement->execute(Array)
#1 /home/ubuntu/workspace/cst336/labs/proref/index.php(117): filterProducts()
#2 {main}
  thrown in /home/ubuntu/workspace/cst336/labs/proref/index.php on line 64
[31-Oct-2018 23:23:07 UTC] PHP Fatal error:  Uncaught exception 'PDOException' with message 'SQLSTATE[42000]: Syntax error or access violation: 1064 You have an error in your SQL syntax; check the manual that corresponds to your MySQL server version for the right syntax to use near 'FROM CUSTOMERS ORDER BY productName DESC' at line 1' in /home/ubuntu/workspace/cst336/labs/proref/index.php:64
Stack trace:
#0 /home/ubuntu/workspace/cst336/labs/proref/index.php(64): PDOStatement->execute(Array)
#1 /home/ubuntu/workspace/cst336/labs/proref/index.php(117): filterProducts()
#2 {main}
  thrown in /home/ubuntu/workspace/cst336/labs/proref/index.php on line 64
[31-Oct-2018 23:24:53 UTC] PHP Fatal error:  Uncaught exception 'PDOException' with message 'SQLSTATE[42000]: Syntax error or access violation: 1064 You have an error in your SQL syntax; check the manual that corresponds to your MySQL server version for the right syntax to use near 'FROM om_product ORDER BY productName DESC' at line 1' in /home/ubuntu/workspace/cst336/labs/proref/index.php:64
Stack trace:
#0 /home/ubuntu/workspace/cst336/labs/proref/index.php(64): PDOStatement->execute(Array)
#1 /home/ubuntu/workspace/cst336/labs/proref/index.php(117): filterProducts()
#2 {main}
  thrown in /home/ubuntu/workspace/cst336/labs/proref/index.php on line 64
[31-Oct-2018 23:24:56 UTC] PHP Fatal error:  Uncaught exception 'PDOException' with message 'SQLSTATE[42000]: Syntax error or access violation: 1064 You have an error in your SQL syntax; check the manual that corresponds to your MySQL server version for the right syntax to use near 'FROM om_product ORDER BY productName DESC' at line 1' in /home/ubuntu/workspace/cst336/labs/proref/index.php:64
Stack trace:
#0 /home/ubuntu/workspace/cst336/labs/proref/index.php(64): PDOStatement->execute(Array)
#1 /home/ubuntu/workspace/cst336/labs/proref/index.php(117): filterProducts()
#2 {main}
  thrown in /home/ubuntu/workspace/cst336/labs/proref/index.php on line 64
[31-Oct-2018 23:25:02 UTC] PHP Fatal error:  Uncaught exception 'PDOException' with message 'SQLSTATE[42000]: Syntax error or access violation: 1064 You have an error in your SQL syntax; check the manual that corresponds to your MySQL server version for the right syntax to use near 'FROM om_product ORDER BY productName DESC' at line 1' in /home/ubuntu/workspace/cst336/labs/proref/index.php:64
Stack trace:
#0 /home/ubuntu/workspace/cst336/labs/proref/index.php(64): PDOStatement->execute(Array)
#1 /home/ubuntu/workspace/cst336/labs/proref/index.php(117): filterProducts()
#2 {main}
  thrown in /home/ubuntu/workspace/cst336/labs/proref/index.php on line 64
[31-Oct-2018 23:27:01 UTC] PHP Parse error:  syntax error, unexpected 'om_product' (T_STRING) in /home/ubuntu/workspace/cst336/labs/proref/index.php on line 52
[31-Oct-2018 23:27:49 UTC] PHP Fatal error:  Uncaught exception 'PDOException' with message 'SQLSTATE[42000]: Syntax error or access violation: 1064 You have an error in your SQL syntax; check the manual that corresponds to your MySQL server version for the right syntax to use near 'FROM om_product ORDER BY productName DESC' at line 1' in /home/ubuntu/workspace/cst336/labs/proref/index.php:64
Stack trace:
#0 /home/ubuntu/workspace/cst336/labs/proref/index.php(64): PDOStatement->execute(Array)
#1 /home/ubuntu/workspace/cst336/labs/proref/index.php(117): filterProducts()
#2 {main}
  thrown in /home/ubuntu/workspace/cst336/labs/proref/index.php on line 64
[31-Oct-2018 23:32:58 UTC] PHP Fatal error:  Uncaught exception 'PDOException' with message 'SQLSTATE[42000]: Syntax error or access violation: 1064 You have an error in your SQL syntax; check the manual that corresponds to your MySQL server version for the right syntax to use near 'BY productName DESC' at line 1' in /home/ubuntu/workspace/cst336/labs/proref/index.php:65
Stack trace:
#0 /home/ubuntu/workspace/cst336/labs/proref/index.php(65): PDOStatement->execute(Array)
#1 /home/ubuntu/workspace/cst336/labs/proref/index.php(118): filterProducts()
#2 {main}
  thrown in /home/ubuntu/workspace/cst336/labs/proref/index.php on line 65
[31-Oct-2018 23:35:49 UTC] PHP Parse error:  syntax error, unexpected 'om_product' (T_STRING), expecting ',' or ';' in /home/ubuntu/workspace/cst336/labs/proref/index.php on line 53
[31-Oct-2018 23:36:05 UTC] PHP Parse error:  syntax error, unexpected 'om_product' (T_STRING), expecting ',' or ';' in /home/ubuntu/workspace/cst336/labs/proref/index.php on line 53
[31-Oct-2018 23:36:07 UTC] PHP Parse error:  syntax error, unexpected 'om_product' (T_STRING), expecting ',' or ';' in /home/ubuntu/workspace/cst336/labs/proref/index.php on line 53
[31-Oct-2018 23:37:56 UTC] PHP Fatal error:  Uncaught exception 'PDOException' with message 'SQLSTATE[42000]: Syntax error or access violation: 1064 You have an error in your SQL syntax; check the manual that corresponds to your MySQL server version for the right syntax to use near 'ORDER BY productName DESC' at line 1' in /home/ubuntu/workspace/cst336/labs/proref/index.php:67
Stack trace:
#0 /home/ubuntu/workspace/cst336/labs/proref/index.php(67): PDOStatement->execute(Array)
#1 /home/ubuntu/workspace/cst336/labs/proref/index.php(120): filterProducts()
#2 {main}
  thrown in /home/ubuntu/workspace/cst336/labs/proref/index.php on line 67
[01-Nov-2018 00:11:37 UTC] PHP Fatal error:  Uncaught exception 'PDOException' with message 'SQLSTATE[42S02]: Base table or view not found: 1146 Table 'project.om_category' doesn't exist' in /home/ubuntu/workspace/cst336/labs/proref/index.php:9
Stack trace:
#0 /home/ubuntu/workspace/cst336/labs/proref/index.php(9): PDOStatement->execute()
#1 /home/ubuntu/workspace/cst336/labs/proref/index.php(105): displayCategories()
#2 {main}
  thrown in /home/ubuntu/workspace/cst336/labs/proref/index.php on line 9
[01-Nov-2018 00:13:30 UTC] PHP Fatal error:  Uncaught exception 'PDOException' with message 'SQLSTATE[42S02]: Base table or view not found: 1146 Table 'project.om_category' doesn't exist' in /home/ubuntu/workspace/cst336/labs/proref/index.php:9
Stack trace:
#0 /home/ubuntu/workspace/cst336/labs/proref/index.php(9): PDOStatement->execute()
#1 /home/ubuntu/workspace/cst336/labs/proref/index.php(105): displayCategories()
#2 {main}
  thrown in /home/ubuntu/workspace/cst336/labs/proref/index.php on line 9
[01-Nov-2018 00:15:25 UTC] PHP Fatal error:  Uncaught exception 'PDOException' with message 'SQLSTATE[42S02]: Base table or view not found: 1146 Table 'project.om_category' doesn't exist' in /home/ubuntu/workspace/cst336/labs/proref/index.php:9
Stack trace:
#0 /home/ubuntu/workspace/cst336/labs/proref/index.php(9): PDOStatement->execute()
#1 /home/ubuntu/workspace/cst336/labs/proref/index.php(105): displayCategories()
#2 {main}
  thrown in /home/ubuntu/workspace/cst336/labs/proref/index.php on line 9
[01-Nov-2018 00:17:34 UTC] PHP Fatal error:  Uncaught exception 'PDOException' with message 'SQLSTATE[42S02]: Base table or view not found: 1146 Table 'project.om_category' doesn't exist' in /home/ubuntu/workspace/cst336/labs/proref/index.php:9
Stack trace:
#0 /home/ubuntu/workspace/cst336/labs/proref/index.php(9): PDOStatement->execute()
#1 /home/ubuntu/workspace/cst336/labs/proref/index.php(107): displayCategories()
#2 {main}
  thrown in /home/ubuntu/workspace/cst336/labs/proref/index.php on line 9
[01-Nov-2018 00:26:14 UTC] PHP Fatal error:  Uncaught exception 'PDOException' with message 'SQLSTATE[42S02]: Base table or view not found: 1146 Table 'project.om_category' doesn't exist' in /home/ubuntu/workspace/cst336/labs/proref/index.php:9
Stack trace:
#0 /home/ubuntu/workspace/cst336/labs/proref/index.php(9): PDOStatement->execute()
#1 /home/ubuntu/workspace/cst336/labs/proref/index.php(105): displayCategories()
#2 {main}
  thrown in /home/ubuntu/workspace/cst336/labs/proref/index.php on line 9
[01-Nov-2018 00:33:14 UTC] PHP Fatal error:  Call to undefined function displayCategories() in /home/ubuntu/workspace/cst336/labs/tproject/index.php on line 96
[01-Nov-2018 00:33:14 UTC] PHP Stack trace:
[01-Nov-2018 00:33:14 UTC] PHP   1. {main}() /home/ubuntu/workspace/cst336/labs/tproject/index.php:0
[01-Nov-2018 00:33:34 UTC] PHP Fatal error:  Uncaught exception 'PDOException' with message 'SQLSTATE[42S02]: Base table or view not found: 1146 Table 'project.om_category' doesn't exist' in /home/ubuntu/workspace/cst336/labs/proref/index.php:9
Stack trace:
#0 /home/ubuntu/workspace/cst336/labs/proref/index.php(9): PDOStatement->execute()
#1 /home/ubuntu/workspace/cst336/labs/proref/index.php(105): displayCategories()
#2 {main}
  thrown in /home/ubuntu/workspace/cst336/labs/proref/index.php on line 9
[01-Nov-2018 00:38:49 UTC] PHP Fatal error:  Uncaught exception 'PDOException' with message 'SQLSTATE[42S02]: Base table or view not found: 1146 Table 'project.om_category' doesn't exist' in /home/ubuntu/workspace/cst336/labs/tproject/index.php:9
Stack trace:
#0 /home/ubuntu/workspace/cst336/labs/tproject/index.php(9): PDOStatement->execute()
#1 /home/ubuntu/workspace/cst336/labs/tproject/index.php(105): displayCategories()
#2 {main}
  thrown in /home/ubuntu/workspace/cst336/labs/tproject/index.php on line 9
[01-Nov-2018 00:44:49 UTC] PHP Fatal error:  Uncaught exception 'PDOException' with message 'SQLSTATE[42S02]: Base table or view not found: 1146 Table 'project.om_category' doesn't exist' in /home/ubuntu/workspace/cst336/labs/tproject/index.php:9
Stack trace:
#0 /home/ubuntu/workspace/cst336/labs/tproject/index.php(9): PDOStatement->execute()
#1 /home/ubuntu/workspace/cst336/labs/tproject/index.php(105): displayCategories()
#2 {main}
  thrown in /home/ubuntu/workspace/cst336/labs/tproject/index.php on line 9
[01-Nov-2018 00:47:29 UTC] PHP Fatal error:  Uncaught exception 'PDOException' with message 'SQLSTATE[42S02]: Base table or view not found: 1146 Table 'project.om_product' doesn't exist' in /home/ubuntu/workspace/cst336/labs/tproject/index.php:67
Stack trace:
#0 /home/ubuntu/workspace/cst336/labs/tproject/index.php(67): PDOStatement->execute(Array)
#1 /home/ubuntu/workspace/cst336/labs/tproject/index.php(120): filterProducts()
#2 {main}
  thrown in /home/ubuntu/workspace/cst336/labs/tproject/index.php on line 67
[01-Nov-2018 00:48:27 UTC] PHP Fatal error:  Uncaught exception 'PDOException' with message 'SQLSTATE[42S02]: Base table or view not found: 1146 Table 'project.om_product' doesn't exist' in /home/ubuntu/workspace/cst336/labs/tproject/index.php:67
Stack trace:
#0 /home/ubuntu/workspace/cst336/labs/tproject/index.php(67): PDOStatement->execute(Array)
#1 /home/ubuntu/workspace/cst336/labs/tproject/index.php(120): filterProducts()
#2 {main}
  thrown in /home/ubuntu/workspace/cst336/labs/tproject/index.php on line 67
[01-Nov-2018 00:48:34 UTC] PHP Fatal error:  Uncaught exception 'PDOException' with message 'SQLSTATE[42S02]: Base table or view not found: 1146 Table 'project.om_product' doesn't exist' in /home/ubuntu/workspace/cst336/labs/tproject/index.php:67
Stack trace:
#0 /home/ubuntu/workspace/cst336/labs/tproject/index.php(67): PDOStatement->execute(Array)
#1 /home/ubuntu/workspace/cst336/labs/tproject/index.php(120): filterProducts()
#2 {main}
  thrown in /home/ubuntu/workspace/cst336/labs/tproject/index.php on line 67
[01-Nov-2018 00:48:37 UTC] PHP Fatal error:  Uncaught exception 'PDOException' with message 'SQLSTATE[42S02]: Base table or view not found: 1146 Table 'project.om_product' doesn't exist' in /home/ubuntu/workspace/cst336/labs/tproject/index.php:67
Stack trace:
#0 /home/ubuntu/workspace/cst336/labs/tproject/index.php(67): PDOStatement->execute(Array)
#1 /home/ubuntu/workspace/cst336/labs/tproject/index.php(120): filterProducts()
#2 {main}
  thrown in /home/ubuntu/workspace/cst336/labs/tproject/index.php on line 67
[01-Nov-2018 01:00:01 UTC] PHP Fatal error:  Uncaught exception 'PDOException' with message 'SQLSTATE[42S02]: Base table or view not found: 1146 Table 'project.om_product' doesn't exist' in /home/ubuntu/workspace/cst336/labs/tproject/index.php:67
Stack trace:
#0 /home/ubuntu/workspace/cst336/labs/tproject/index.php(67): PDOStatement->execute(Array)
#1 /home/ubuntu/workspace/cst336/labs/tproject/index.php(120): filterProducts()
#2 {main}
  thrown in /home/ubuntu/workspace/cst336/labs/tproject/index.php on line 67
[01-Nov-2018 01:01:21 UTC] PHP Fatal error:  Uncaught exception 'PDOException' with message 'SQLSTATE[42S02]: Base table or view not found: 1146 Table 'project.om_product' doesn't exist' in /home/ubuntu/workspace/cst336/labs/tproject/index.php:67
Stack trace:
#0 /home/ubuntu/workspace/cst336/labs/tproject/index.php(67): PDOStatement->execute(Array)
#1 /home/ubuntu/workspace/cst336/labs/tproject/index.php(120): filterProducts()
#2 {main}
  thrown in /home/ubuntu/workspace/cst336/labs/tproject/index.php on line 67
[01-Nov-2018 01:02:18 UTC] PHP Fatal error:  Uncaught exception 'PDOException' with message 'SQLSTATE[42S02]: Base table or view not found: 1146 Table 'project.om_product' doesn't exist' in /home/ubuntu/workspace/cst336/labs/tproject/index.php:67
Stack trace:
#0 /home/ubuntu/workspace/cst336/labs/tproject/index.php(67): PDOStatement->execute(Array)
#1 /home/ubuntu/workspace/cst336/labs/tproject/index.php(120): filterProducts()
#2 {main}
  thrown in /home/ubuntu/workspace/cst336/labs/tproject/index.php on line 67
[01-Nov-2018 01:03:45 UTC] PHP Fatal error:  Uncaught exception 'PDOException' with message 'SQLSTATE[42S02]: Base table or view not found: 1146 Table 'project.om_product' doesn't exist' in /home/ubuntu/workspace/cst336/labs/tproject/index.php:67
Stack trace:
#0 /home/ubuntu/workspace/cst336/labs/tproject/index.php(67): PDOStatement->execute(Array)
#1 /home/ubuntu/workspace/cst336/labs/tproject/index.php(120): filterProducts()
#2 {main}
  thrown in /home/ubuntu/workspace/cst336/labs/tproject/index.php on line 67
[01-Nov-2018 01:26:53 UTC] PHP Fatal error:  Cannot redeclare filterProducts() (previously declared in /home/ubuntu/workspace/cst336/labs/tproject/index.php:17) in /home/ubuntu/workspace/cst336/labs/tproject/index.php on line 173
[01-Nov-2018 01:27:30 UTC] PHP Warning:  include(inc/dbConnection.php): failed to open stream: No such file or directory in /home/ubuntu/workspace/cst336/labs/tproject/index.php on line 6
[01-Nov-2018 01:27:30 UTC] PHP Stack trace:
[01-Nov-2018 01:27:30 UTC] PHP   1. {main}() /home/ubuntu/workspace/cst336/labs/tproject/index.php:0
[01-Nov-2018 01:27:30 UTC] PHP Warning:  include(): Failed opening 'inc/dbConnection.php' for inclusion (include_path='.:/usr/share/php:/usr/share/pear') in /home/ubuntu/workspace/cst336/labs/tproject/index.php on line 6
[01-Nov-2018 01:27:30 UTC] PHP Stack trace:
[01-Nov-2018 01:27:30 UTC] PHP   1. {main}() /home/ubuntu/workspace/cst336/labs/tproject/index.php:0
[01-Nov-2018 01:27:30 UTC] PHP Fatal error:  Call to undefined function startConnection() in /home/ubuntu/workspace/cst336/labs/tproject/index.php on line 7
[01-Nov-2018 01:27:30 UTC] PHP Stack trace:
[01-Nov-2018 01:27:30 UTC] PHP   1. {main}() /home/ubuntu/workspace/cst336/labs/tproject/index.php:0
[01-Nov-2018 01:27:51 UTC] PHP Fatal error:  Call to undefined function startConnection() in /home/ubuntu/workspace/cst336/labs/tproject/index.php on line 7
[01-Nov-2018 01:27:51 UTC] PHP Stack trace:
[01-Nov-2018 01:27:51 UTC] PHP   1. {main}() /home/ubuntu/workspace/cst336/labs/tproject/index.php:0
[01-Nov-2018 01:28:25 UTC] PHP Fatal error:  Call to undefined function displayCategories() in /home/ubuntu/workspace/cst336/labs/tproject/index.php on line 140
[01-Nov-2018 01:28:25 UTC] PHP Stack trace:
[01-Nov-2018 01:28:25 UTC] PHP   1. {main}() /home/ubuntu/workspace/cst336/labs/tproject/index.php:0
[01-Nov-2018 01:31:41 UTC] PHP Fatal error:  Call to undefined function displayCategories() in /home/ubuntu/workspace/cst336/labs/tproject/index.php on line 140
[01-Nov-2018 01:31:41 UTC] PHP Stack trace:
[01-Nov-2018 01:31:41 UTC] PHP   1. {main}() /home/ubuntu/workspace/cst336/labs/tproject/index.php:0
[01-Nov-2018 01:32:33 UTC] PHP Fatal error:  Call to undefined function displayCategories() in /home/ubuntu/workspace/cst336/labs/tproject/index.php on line 140
[01-Nov-2018 01:32:33 UTC] PHP Stack trace:
[01-Nov-2018 01:32:33 UTC] PHP   1. {main}() /home/ubuntu/workspace/cst336/labs/tproject/index.php:0
[01-Nov-2018 01:35:34 UTC] PHP Fatal error:  Call to a member function prepare() on a non-object in /home/ubuntu/workspace/cst336/labs/tproject/index.php on line 29
[01-Nov-2018 01:35:34 UTC] PHP Stack trace:
[01-Nov-2018 01:35:34 UTC] PHP   1. {main}() /home/ubuntu/workspace/cst336/labs/tproject/index.php:0
[01-Nov-2018 01:35:34 UTC] PHP   2. displayGenres() /home/ubuntu/workspace/cst336/labs/tproject/index.php:155
[01-Nov-2018 01:36:45 UTC] PHP Fatal error:  Call to a member function prepare() on a non-object in /home/ubuntu/workspace/cst336/labs/tproject/index.php on line 29
[01-Nov-2018 01:36:45 UTC] PHP Stack trace:
[01-Nov-2018 01:36:45 UTC] PHP   1. {main}() /home/ubuntu/workspace/cst336/labs/tproject/index.php:0
[01-Nov-2018 01:36:45 UTC] PHP   2. displayGenres() /home/ubuntu/workspace/cst336/labs/tproject/index.php:155
